{"C:\\Users\\Eduardo\\OneDrive\\Escritorio\\Crowdstrike\\just-an-exercise\\src\\Table\\Row.tsx": {"path":"C:\\Users\\Eduardo\\OneDrive\\Escritorio\\Crowdstrike\\just-an-exercise\\src\\Table\\Row.tsx","statementMap":{"0":{"start":{"line":9,"column":8},"end":{"line":9,"column":80}},"1":{"start":{"line":10,"column":4},"end":{"line":31,"column":5}},"2":{"start":{"line":13,"column":27},"end":{"line":13,"column":52}}},"fnMap":{"0":{"name":"Row","decl":{"start":{"line":7,"column":24},"end":{"line":7,"column":27}},"loc":{"start":{"line":7,"column":64},"end":{"line":32,"column":1}},"line":7},"1":{"name":"(anonymous_1)","decl":{"start":{"line":13,"column":21},"end":{"line":13,"column":22}},"loc":{"start":{"line":13,"column":27},"end":{"line":13,"column":52}},"line":13}},"branchMap":{"0":{"loc":{"start":{"line":9,"column":8},"end":{"line":9,"column":80}},"type":"cond-expr","locations":[{"start":{"line":9,"column":38},"end":{"line":9,"column":73}},{"start":{"line":9,"column":76},"end":{"line":9,"column":80}}],"line":9}},"s":{"0":4,"1":4,"2":0},"f":{"0":4,"1":0},"b":{"0":[2,2]},"_coverageSchema":"1a1c01bbd47fc00a2c39e90264f33305004495a9","hash":"0aafc3c6148f215ae9b7150573186e0545adc832"}
,"C:\\Users\\Eduardo\\OneDrive\\Escritorio\\Crowdstrike\\just-an-exercise\\src\\Table\\index.tsx": {"path":"C:\\Users\\Eduardo\\OneDrive\\Escritorio\\Crowdstrike\\just-an-exercise\\src\\Table\\index.tsx","statementMap":{"0":{"start":{"line":13,"column":8},"end":{"line":13,"column":55}},"1":{"start":{"line":14,"column":8},"end":{"line":14,"column":61}},"2":{"start":{"line":15,"column":8},"end":{"line":15,"column":60}},"3":{"start":{"line":18,"column":4},"end":{"line":39,"column":5}},"4":{"start":{"line":31,"column":20},"end":{"line":35,"column":22}}},"fnMap":{"0":{"name":"Table","decl":{"start":{"line":11,"column":24},"end":{"line":11,"column":29}},"loc":{"start":{"line":11,"column":66},"end":{"line":40,"column":1}},"line":11},"1":{"name":"onClickRowHandler","decl":{"start":{"line":12,"column":13},"end":{"line":12,"column":30}},"loc":{"start":{"line":12,"column":45},"end":{"line":16,"column":5}},"line":12},"2":{"name":"(anonymous_2)","decl":{"start":{"line":30,"column":26},"end":{"line":30,"column":27}},"loc":{"start":{"line":31,"column":20},"end":{"line":35,"column":22}},"line":31}},"branchMap":{},"s":{"0":0,"1":0,"2":0,"3":1,"4":3},"f":{"0":1,"1":0,"2":3},"b":{},"_coverageSchema":"1a1c01bbd47fc00a2c39e90264f33305004495a9","hash":"d49ab9af6e82b9f5a0b3c16b77150b8fb5689de9"}
,"C:\\Users\\Eduardo\\OneDrive\\Escritorio\\Crowdstrike\\just-an-exercise\\src\\Table\\style.css": {"path":"C:\\Users\\Eduardo\\OneDrive\\Escritorio\\Crowdstrike\\just-an-exercise\\src\\Table\\style.css","statementMap":{"0":{"start":{"line":1,"column":20},"end":{"line":1,"column":43}},"1":{"start":{"line":3,"column":0},"end":{"line":3,"column":254}},"2":{"start":{"line":4,"column":0},"end":{"line":4,"column":20}}},"fnMap":{},"branchMap":{},"s":{"0":1,"1":1,"2":1},"f":{},"b":{},"_coverageSchema":"1a1c01bbd47fc00a2c39e90264f33305004495a9","hash":"d23fcbdb42fa14e362b67546697fe707de6d9546"}
}
