TN:
SF:src\Table\Row.tsx
FN:7,Row
FN:13,(anonymous_1)
FNF:2
FNH:1
FNDA:4,Row
FNDA:0,(anonymous_1)
DA:9,4
DA:10,4
DA:13,0
LF:3
LH:2
BRDA:9,0,0,2
BRDA:9,0,1,2
BRF:2
BRH:2
end_of_record
TN:
SF:src\Table\index.tsx
FN:11,Table
FN:12,onClickRowHandler
FN:30,(anonymous_2)
FNF:3
FNH:2
FNDA:1,Table
FNDA:0,onClickRowHandler
FNDA:3,(anonymous_2)
DA:13,0
DA:14,0
DA:15,0
DA:18,1
DA:31,3
LF:5
LH:2
BRF:0
BRH:0
end_of_record
TN:
SF:src\Table\style.css
FNF:0
FNH:0
DA:1,1
DA:3,1
DA:4,1
LF:3
LH:3
BRF:0
BRH:0
end_of_record
